G4BL_DIR=/Applications/G4beamline-3.08.app/Contents
LD_LIBRARY_PATH='/Applications/G4beamline-3.08.app/Contents/lib:'
G4ABLADATA=/Users/samuelgrant/Geant4Data/G4ABLA3.1
G4LEDATA=/Users/samuelgrant/Geant4Data/G4EMLOW8.0
G4ENSDFSTATEDATA=/Users/samuelgrant/Geant4Data/G4ENSDFSTATE2.3
G4INCLDATA=/Users/samuelgrant/Geant4Data/G4INCL1.0
G4NEUTRONHPDATA=/Users/samuelgrant/Geant4Data/G4NDL4.6
G4PARTICLEXSDATA=/Users/samuelgrant/Geant4Data/G4PARTICLEXS4.0
G4PIIDATA=/Users/samuelgrant/Geant4Data/G4PII1.3
G4LEVELGAMMADATA=/Users/samuelgrant/Geant4Data/PhotonEvaporation5.7
G4RADIOACTIVEDATA=/Users/samuelgrant/Geant4Data/RadioactiveDecay5.6
G4SAIDXSDATA=/Users/samuelgrant/Geant4Data/G4SAIDDATA2.0
G4beamline Process ID 9282

*************************************************************
 g4beamline version: 3.08                        (Oct  8 2022)
                      Copyright : Tom Roberts, Muons, Inc.
                        License : Gnu Public License
                            WWW : http://g4beamline.muonsinc.com

          ################################
          !!! G4Backtrace is activated !!!
          ################################


**************************************************************
 Geant4 version Name: geant4-11-00-patch-02 [MT]   (25-May-2022)
                       Copyright : Geant4 Collaboration
                      References : NIM A 506 (2003), 250-303
                                 : IEEE-TNS 53 (2006), 270-278
                                 : NIM A 835 (2016), 186-225
                             WWW : http://geant4.org/
**************************************************************

param        viewer        best,1
geometry                   nPoints=100 printGeometry=0 visual=0
                           tolerance=0.002
**************************************************************************
*** G4Exception: printError
***    severity: Warning
***   issued by: 
*** description: Unknown command 'setup'
**************************************************************************
param        NEVENTS       1000
G4PhysListFactory::GetReferencePhysList <QGSP_BERT>  EMoption= 0
<<< Geant4 Physics List simulation engine: QGSP_BERT


physics      QGSP_BERT     disable= inactivate= deactivate= doStochastics=1
                           fluct=1 minRangeCut=1 list=0 gammaToMuPair=0
                           spinTracking=0 synchrotronRadiation=0
                           synchrotronRadiationMuon=0 maxTime=1e+06
param        KE            100.0
param        M             139.570
param        P             194.71518
beam    GAUSSIAN particle=pi- nEvents=1000 firstEvent=-1 lastEvent=2147483647 beamX=0.0 beamY=0.0 beamZ=-3700000000000000000000.0 maxR=1000000.0 
		meanMomentum=194.7 weight=1.000000 
		sigmaX=0.0 sigmaY=0.0 sigmaZ=0.0 sigmaXp=0.00000 sigmaYp=0.00000 
		sigmaP=0.0 sigmaT=0.000 meanXp=0.00000 meanYp=0.00000 meanT=0.000 
box          Target        height=2000 width=2000 length=500 maxStep=0.05
                           material=Be color=0,0,1 kill=0
place   Target  copies=1 x=0.0 y=0.0 z=1000.0 
virtualdetector DetForward radius=0 innerRadius=0 height=2000 width=2000
                           length=1 maxStep=100 material= color=0,1,0
                           noSingles=0 format= filename= file= require=
                           referenceParticle=0 coordinates=Centerline kill=0
place   DetForward copies=1 x=0.0 y=0.0 z=749.0 
virtualdetector DetBackward radius=0 innerRadius=0 height=2000 width=2000
                           length=1 maxStep=100 material= color=1,0,0
                           noSingles=0 format= filename= file= require=
                           referenceParticle=0 coordinates=Centerline kill=0
place   DetBackward copies=1 x=0.0 y=0.0 z=1251.0 
**************************************************************************
*** G4Exception: Input Errors
***    severity: Fatal Exception
***   issued by: main
*** description: There were 1 errors in the input
**************************************************************************
g4beamline: attempting to close up after fatal G4Exception...

Exceptions: 1 Fatal, 0 Events Aborted, 0 Stuck Tracks (stopped), 1 Warnings
      1 times: Input Errors
      1 times: printError
g4beamline: simulation aborted
