G4BL_DIR=/Applications/G4beamline-3.08.app/Contents
LD_LIBRARY_PATH='/Applications/G4beamline-3.08.app/Contents/lib:'
G4ABLADATA=/Users/sgrant/Geant4Data/G4ABLA3.1
G4LEDATA=/Users/sgrant/Geant4Data/G4EMLOW8.0
G4ENSDFSTATEDATA=/Users/sgrant/Geant4Data/G4ENSDFSTATE2.3
G4INCLDATA=/Users/sgrant/Geant4Data/G4INCL1.0
G4NEUTRONHPDATA=/Users/sgrant/Geant4Data/G4NDL4.6
G4PARTICLEXSDATA=/Users/sgrant/Geant4Data/G4PARTICLEXS4.0
G4PIIDATA=/Users/sgrant/Geant4Data/G4PII1.3
G4LEVELGAMMADATA=/Users/sgrant/Geant4Data/PhotonEvaporation5.7
G4RADIOACTIVEDATA=/Users/sgrant/Geant4Data/RadioactiveDecay5.6
G4SAIDXSDATA=/Users/sgrant/Geant4Data/G4SAIDDATA2.0
G4beamline Process ID 86913

*************************************************************
 g4beamline version: 3.08                        (Oct  8 2022)
                      Copyright : Tom Roberts, Muons, Inc.
                        License : Gnu Public License
                            WWW : http://g4beamline.muonsinc.com

          ################################
          !!! G4Backtrace is activated !!!
          ################################


**************************************************************
 Geant4 version Name: geant4-11-00-patch-02 [MT]   (25-May-2022)
                       Copyright : Geant4 Collaboration
                      References : NIM A 506 (2003), 250-303
                                 : IEEE-TNS 53 (2006), 270-278
                                 : NIM A 835 (2016), 186-225
                             WWW : http://geant4.org/
**************************************************************

param        viewer        best,1
geometry                   nPoints=100 printGeometry=0 visual=0
                           tolerance=0.002
param        ZPOSITION     1965
param        THICKNESS     40
param        x             4.5
for i='0' '1' '2' '3' '4' '5' '6' '7' '8' '9' '10' '11' '12' '13' '14' '15' '16' '17' '18' '19' '20' 
(for i='0')
tubs         Target        innerRadius=190 outerRadius=200 initialPhi=0
                           finalPhi=360 length=40 maxStep=0.05 material=Be
                           color=0,1,1 kill=0 radius=200
place   Target  copies=1 x=0.0 y=0.0 z=1965.0 rename='Target:0'
(for i='1')
tubs         Target        innerRadius=185.5 outerRadius=195.5 initialPhi=0
                           finalPhi=360 length=38.05 maxStep=0.05 material=Be
                           color=0,1,1 kill=0 radius=195.5
place   Target  copies=1 x=0.0 y=0.0 z=1965.0 rename='Target:1'
(for i='2')
tubs         Target        innerRadius=181 outerRadius=191 initialPhi=0
                           finalPhi=360 length=36.1 maxStep=0.05 material=Be
                           color=0,1,1 kill=0 radius=191
place   Target  copies=1 x=0.0 y=0.0 z=1965.0 rename='Target:2'
(for i='3')
tubs         Target        innerRadius=176.5 outerRadius=186.5 initialPhi=0
                           finalPhi=360 length=34.15 maxStep=0.05 material=Be
                           color=0,1,1 kill=0 radius=186.5
place   Target  copies=1 x=0.0 y=0.0 z=1965.0 rename='Target:3'
(for i='4')
tubs         Target        innerRadius=172 outerRadius=182 initialPhi=0
                           finalPhi=360 length=32.2 maxStep=0.05 material=Be
                           color=0,1,1 kill=0 radius=182
place   Target  copies=1 x=0.0 y=0.0 z=1965.0 rename='Target:4'
(for i='5')
tubs         Target        innerRadius=167.5 outerRadius=177.5 initialPhi=0
                           finalPhi=360 length=30.25 maxStep=0.05 material=Be
                           color=0,1,1 kill=0 radius=177.5
place   Target  copies=1 x=0.0 y=0.0 z=1965.0 rename='Target:5'
(for i='6')
tubs         Target        innerRadius=163 outerRadius=173 initialPhi=0
                           finalPhi=360 length=28.3 maxStep=0.05 material=Be
                           color=0,1,1 kill=0 radius=173
place   Target  copies=1 x=0.0 y=0.0 z=1965.0 rename='Target:6'
(for i='7')
tubs         Target        innerRadius=158.5 outerRadius=168.5 initialPhi=0
                           finalPhi=360 length=26.35 maxStep=0.05 material=Be
                           color=0,1,1 kill=0 radius=168.5
place   Target  copies=1 x=0.0 y=0.0 z=1965.0 rename='Target:7'
(for i='8')
tubs         Target        innerRadius=154 outerRadius=164 initialPhi=0
                           finalPhi=360 length=24.4 maxStep=0.05 material=Be
                           color=0,1,1 kill=0 radius=164
place   Target  copies=1 x=0.0 y=0.0 z=1965.0 rename='Target:8'
(for i='9')
tubs         Target        innerRadius=149.5 outerRadius=159.5 initialPhi=0
                           finalPhi=360 length=22.45 maxStep=0.05 material=Be
                           color=0,1,1 kill=0 radius=159.5
place   Target  copies=1 x=0.0 y=0.0 z=1965.0 rename='Target:9'
(for i='10')
tubs         Target        innerRadius=145 outerRadius=155 initialPhi=0
                           finalPhi=360 length=20.5 maxStep=0.05 material=Be
                           color=0,1,1 kill=0 radius=155
place   Target  copies=1 x=0.0 y=0.0 z=1965.0 rename='Target:10'
(for i='11')
tubs         Target        innerRadius=140.5 outerRadius=150.5 initialPhi=0
                           finalPhi=360 length=18.55 maxStep=0.05 material=Be
                           color=0,1,1 kill=0 radius=150.5
place   Target  copies=1 x=0.0 y=0.0 z=1965.0 rename='Target:11'
(for i='12')
tubs         Target        innerRadius=136 outerRadius=146 initialPhi=0
                           finalPhi=360 length=16.6 maxStep=0.05 material=Be
                           color=0,1,1 kill=0 radius=146
place   Target  copies=1 x=0.0 y=0.0 z=1965.0 rename='Target:12'
(for i='13')
tubs         Target        innerRadius=131.5 outerRadius=141.5 initialPhi=0
                           finalPhi=360 length=14.65 maxStep=0.05 material=Be
                           color=0,1,1 kill=0 radius=141.5
place   Target  copies=1 x=0.0 y=0.0 z=1965.0 rename='Target:13'
(for i='14')
tubs         Target        innerRadius=127 outerRadius=137 initialPhi=0
                           finalPhi=360 length=12.7 maxStep=0.05 material=Be
                           color=0,1,1 kill=0 radius=137
place   Target  copies=1 x=0.0 y=0.0 z=1965.0 rename='Target:14'
(for i='15')
tubs         Target        innerRadius=122.5 outerRadius=132.5 initialPhi=0
                           finalPhi=360 length=10.75 maxStep=0.05 material=Be
                           color=0,1,1 kill=0 radius=132.5
place   Target  copies=1 x=0.0 y=0.0 z=1965.0 rename='Target:15'
(for i='16')
tubs         Target        innerRadius=118 outerRadius=128 initialPhi=0
                           finalPhi=360 length=8.8 maxStep=0.05 material=Be
                           color=0,1,1 kill=0 radius=128
place   Target  copies=1 x=0.0 y=0.0 z=1965.0 rename='Target:16'
(for i='17')
tubs         Target        innerRadius=113.5 outerRadius=123.5 initialPhi=0
                           finalPhi=360 length=6.85 maxStep=0.05 material=Be
                           color=0,1,1 kill=0 radius=123.5
place   Target  copies=1 x=0.0 y=0.0 z=1965.0 rename='Target:17'
(for i='18')
tubs         Target        innerRadius=109 outerRadius=119 initialPhi=0
                           finalPhi=360 length=4.9 maxStep=0.05 material=Be
                           color=0,1,1 kill=0 radius=119
place   Target  copies=1 x=0.0 y=0.0 z=1965.0 rename='Target:18'
(for i='19')
tubs         Target        innerRadius=104.5 outerRadius=114.5 initialPhi=0
                           finalPhi=360 length=2.95 maxStep=0.05 material=Be
                           color=0,1,1 kill=0 radius=114.5
place   Target  copies=1 x=0.0 y=0.0 z=1965.0 rename='Target:19'
(for i='20')
tubs         Target        innerRadius=100 outerRadius=110 initialPhi=0
                           finalPhi=360 length=1 maxStep=0.05 material=Be
                           color=0,1,1 kill=0 radius=110
place   Target  copies=1 x=0.0 y=0.0 z=1965.0 rename='Target:20'
endfor
virtualdetector BeAbsorber_DetIn radius=200 innerRadius=0 height=400 width=400
                           length=1 maxStep=100 material= color=0,1,0,0.3
                           noSingles=0 format= filename= file= require=
                           referenceParticle=0 coordinates=Centerline kill=0
place   BeAbsorber_DetIn copies=1 x=0.0 y=0.0 z=1944.0 
                format=rootExtended
virtualdetector BeAbsorber_DetOut radius=200 innerRadius=0 height=400
                           width=400 length=1 maxStep=100 material=
                           color=1,0,1,0.3 noSingles=0 format= filename= file=
                           require= referenceParticle=0 coordinates=Centerline
                           kill=0
place   BeAbsorber_DetOut copies=1 x=0.0 y=0.0 z=1986.0 
                format=rootExtended

World size (before incrementing by 201.357 mm): 400.0 H  400.0 W  3973.0 L

PARAMETERS:
      THICKNESS=40
      ZPOSITION=1965
            Zcl=1986.5
     deltaChord=3.0
deltaIntersection=0.1
   deltaOneStep=0.01
         epsMax=0.05
         epsMin=2.5e-7
 eventTimeLimit=30
    fieldVoxels=200,200,200
      histoFile=g4beamline
    histoUpdate=0
              i=20
        maxStep=100.0
        minStep=0.01
 steppingFormat=N GLOBAL CL KE STEP VOL PROCESS
steppingVerbose=0
         viewer=best,1
 wallClockLimit=-1
  worldMaterial=Vacuum
              x=4.5
     zTolerance=2.0
**************************************************************************
*** G4Exception: No physics registered
***    severity: Warning
***   issued by: BLManager
*** description: Using default physics list.
**************************************************************************
default physics list is FTFP_BERT
G4PhysListFactory::GetReferencePhysList <FTFP_BERT>  EMoption= 0
<<< Geant4 Physics List simulation engine: FTFP_BERT


physics      FTFP_BERT     disable= inactivate= deactivate= doStochastics=1
                           fluct=1 minRangeCut=1 list=0 gammaToMuPair=0
                           spinTracking=0 synchrotronRadiation=0
                           synchrotronRadiationMuon=0 maxTime=1e+06
Checking overlaps for volume Target:0:0 (G4Tubs) ... OK! 
BLCMDtubs::Construct Target:0 parent= relZ=1965.0 globZ=1965.0
	zmin=1945.0 zmax=1985.0 kill=0
**************************************************************************
*** G4Exception: GeomVol1002
***    severity: Warning
***   issued by: G4PVPlacement::CheckOverlaps()
*** description: Overlap with volume already placed !
          Overlap is detected for volume Target:1:0 (G4Tubs) with Target:0:0 (G4Tubs)
          overlap at local point (193.063,-30.7704,9.98052) by 4.5 mm  (max of 527 cases)
NOTE: Reached maximum fixed number -1- of overlaps reports for this volume !
**************************************************************************
BLCMDtubs::Construct Target:1 parent= relZ=1965.0 globZ=1965.0
	zmin=1946.0 zmax=1984.0 kill=0
**************************************************************************
*** G4Exception: GeomVol1002
***    severity: Warning
***   issued by: G4PVPlacement::CheckOverlaps()
*** description: Overlap with volume already placed !
          Overlap is detected for volume Target:2:0 (G4Tubs) with Target:0:0 (G4Tubs)
          overlap at local point (102.007,161.479,0.0785105) by 1 mm  (max of 419 cases)
NOTE: Reached maximum fixed number -1- of overlaps reports for this volume !
**************************************************************************
BLCMDtubs::Construct Target:2 parent= relZ=1965.0 globZ=1965.0
	zmin=1947.0 zmax=1983.0 kill=0
**************************************************************************
*** G4Exception: GeomVol1002
***    severity: Warning
***   issued by: G4PVPlacement::CheckOverlaps()
*** description: Overlap with volume already placed !
          Overlap is detected for volume Target:3:0 (G4Tubs) with Target:1:0 (G4Tubs)
          overlap at local point (-55.3333,178.102,10.007) by 1 mm  (max of 412 cases)
NOTE: Reached maximum fixed number -1- of overlaps reports for this volume !
**************************************************************************
BLCMDtubs::Construct Target:3 parent= relZ=1965.0 globZ=1965.0
	zmin=1947.9 zmax=1982.1 kill=0
**************************************************************************
*** G4Exception: GeomVol1002
***    severity: Warning
***   issued by: G4PVPlacement::CheckOverlaps()
*** description: Overlap with volume already placed !
          Overlap is detected for volume Target:4:0 (G4Tubs) with Target:2:0 (G4Tubs)
          overlap at local point (103.829,149.478,-1.46165) by 1 mm  (max of 409 cases)
NOTE: Reached maximum fixed number -1- of overlaps reports for this volume !
**************************************************************************
BLCMDtubs::Construct Target:4 parent= relZ=1965.0 globZ=1965.0
	zmin=1948.9 zmax=1981.1 kill=0
**************************************************************************
*** G4Exception: GeomVol1002
***    severity: Warning
***   issued by: G4PVPlacement::CheckOverlaps()
*** description: Overlap with volume already placed !
          Overlap is detected for volume Target:5:0 (G4Tubs) with Target:3:0 (G4Tubs)
          overlap at local point (-94.4213,150.303,-1.31414) by 1 mm  (max of 383 cases)
NOTE: Reached maximum fixed number -1- of overlaps reports for this volume !
**************************************************************************
BLCMDtubs::Construct Target:5 parent= relZ=1965.0 globZ=1965.0
	zmin=1949.9 zmax=1980.1 kill=0
**************************************************************************
*** G4Exception: GeomVol1002
***    severity: Warning
***   issued by: G4PVPlacement::CheckOverlaps()
*** description: Overlap with volume already placed !
          Overlap is detected for volume Target:6:0 (G4Tubs) with Target:4:0 (G4Tubs)
          overlap at local point (-160.72,64.017,13.7879) by 1 mm  (max of 432 cases)
NOTE: Reached maximum fixed number -1- of overlaps reports for this volume !
**************************************************************************
BLCMDtubs::Construct Target:6 parent= relZ=1965.0 globZ=1965.0
	zmin=1950.8 zmax=1979.2 kill=0
**************************************************************************
*** G4Exception: GeomVol1002
***    severity: Warning
***   issued by: G4PVPlacement::CheckOverlaps()
*** description: Overlap with volume already placed !
          Overlap is detected for volume Target:7:0 (G4Tubs) with Target:5:0 (G4Tubs)
          overlap at local point (37.4133,164.294,1.75808) by 1 mm  (max of 415 cases)
NOTE: Reached maximum fixed number -1- of overlaps reports for this volume !
**************************************************************************
BLCMDtubs::Construct Target:7 parent= relZ=1965.0 globZ=1965.0
	zmin=1951.8 zmax=1978.2 kill=0
**************************************************************************
*** G4Exception: GeomVol1002
***    severity: Warning
***   issued by: G4PVPlacement::CheckOverlaps()
*** description: Overlap with volume already placed !
          Overlap is detected for volume Target:8:0 (G4Tubs) with Target:6:0 (G4Tubs)
          overlap at local point (-158.747,41.1736,7.05757) by 1 mm  (max of 424 cases)
NOTE: Reached maximum fixed number -1- of overlaps reports for this volume !
**************************************************************************
BLCMDtubs::Construct Target:8 parent= relZ=1965.0 globZ=1965.0
	zmin=1952.8 zmax=1977.2 kill=0
**************************************************************************
*** G4Exception: GeomVol1002
***    severity: Warning
***   issued by: G4PVPlacement::CheckOverlaps()
*** description: Overlap with volume already placed !
          Overlap is detected for volume Target:9:0 (G4Tubs) with Target:7:0 (G4Tubs)
          overlap at local point (13.3101,-158.944,9.17051) by 1 mm  (max of 391 cases)
NOTE: Reached maximum fixed number -1- of overlaps reports for this volume !
**************************************************************************
BLCMDtubs::Construct Target:9 parent= relZ=1965.0 globZ=1965.0
	zmin=1953.8 zmax=1976.2 kill=0
**************************************************************************
*** G4Exception: GeomVol1002
***    severity: Warning
***   issued by: G4PVPlacement::CheckOverlaps()
*** description: Overlap with volume already placed !
          Overlap is detected for volume Target:10:0 (G4Tubs) with Target:8:0 (G4Tubs)
          overlap at local point (85.544,-129.256,8.20111) by 1 mm  (max of 398 cases)
NOTE: Reached maximum fixed number -1- of overlaps reports for this volume !
***    printing: every 10-th occurrence
**************************************************************************
BLCMDtubs::Construct Target:10 parent= relZ=1965.0 globZ=1965.0
	zmin=1954.8 zmax=1975.2 kill=0
BLCMDtubs::Construct Target:11 parent= relZ=1965.0 globZ=1965.0
	zmin=1955.7 zmax=1974.3 kill=0
BLCMDtubs::Construct Target:12 parent= relZ=1965.0 globZ=1965.0
	zmin=1956.7 zmax=1973.3 kill=0
BLCMDtubs::Construct Target:13 parent= relZ=1965.0 globZ=1965.0
	zmin=1957.7 zmax=1972.3 kill=0
BLCMDtubs::Construct Target:14 parent= relZ=1965.0 globZ=1965.0
	zmin=1958.7 zmax=1971.3 kill=0
BLCMDtubs::Construct Target:15 parent= relZ=1965.0 globZ=1965.0
	zmin=1959.6 zmax=1970.4 kill=0
BLCMDtubs::Construct Target:16 parent= relZ=1965.0 globZ=1965.0
	zmin=1960.6 zmax=1969.4 kill=0
BLCMDtubs::Construct Target:17 parent= relZ=1965.0 globZ=1965.0
	zmin=1961.6 zmax=1968.4 kill=0
BLCMDtubs::Construct Target:18 parent= relZ=1965.0 globZ=1965.0
	zmin=1962.5 zmax=1967.5 kill=0
BLCMDtubs::Construct Target:19 parent= relZ=1965.0 globZ=1965.0
	zmin=1963.5 zmax=1966.5 kill=0
**************************************************************************
*** G4Exception: GeomVol1002
***    severity: Warning
***   issued by: G4PVPlacement::CheckOverlaps()
*** description: Overlap with volume already placed !
          Overlap is detected for volume Target:20:0 (G4Tubs) with Target:18:0 (G4Tubs)
          overlap at local point (-25.3457,107.04,-0.333186) by 1 mm  (max of 140 cases)
NOTE: Reached maximum fixed number -1- of overlaps reports for this volume !
***    printing: every 10-th occurrence
**************************************************************************
BLCMDtubs::Construct Target:20 parent= relZ=1965.0 globZ=1965.0
	zmin=1964.5 zmax=1965.5 kill=0
Checking overlaps for volume Target:1:0 (G4Tubs) ... Checking overlaps for volume Target:2:0 (G4Tubs) ... Checking overlaps for volume Target:3:0 (G4Tubs) ... Checking overlaps for volume Target:4:0 (G4Tubs) ... Checking overlaps for volume Target:5:0 (G4Tubs) ... Checking overlaps for volume Target:6:0 (G4Tubs) ... Checking overlaps for volume Target:7:0 (G4Tubs) ... Checking overlaps for volume Target:8:0 (G4Tubs) ... Checking overlaps for volume Target:9:0 (G4Tubs) ... Checking overlaps for volume Target:10:0 (G4Tubs) ... Checking overlaps for volume Target:11:0 (G4Tubs) ... Checking overlaps for volume Target:12:0 (G4Tubs) ... Checking overlaps for volume Target:13:0 (G4Tubs) ... Checking overlaps for volume Target:14:0 (G4Tubs) ... Checking overlaps for volume Target:15:0 (G4Tubs) ... Checking overlaps for volume Target:16:0 (G4Tubs) ... Checking overlaps for volume Target:17:0 (G4Tubs) ... Checking overlaps for volume Target:18:0 (G4Tubs) ... Checking overlaps for volume Target:19:0 (G4Tubs) ... Checking overlaps for volume Target:20:0 (G4Tubs) ... Checking overlaps for volume BeAbsorber_DetIn:0 (G4Tubs) ... OK! 
BLCMDvirtualdetector::Construct BeAbsorber_DetIn parent= relZ=1944.0 globZ=1944.0
Checking overlaps for volume BeAbsorber_DetOut:0 (G4Tubs) ... OK! 
BLCMDvirtualdetector::Construct BeAbsorber_DetOut parent= relZ=1986.0 globZ=1986.0
### Adding tracking cuts for neutron  TimeCut(ns)= 10000  KinEnergyCut(MeV)= 0

Geometry test nPoints=100 tolerance=0.002 mm:
Testing geometry for children of group 'World':
**************************************************************************
*** G4Exception: Geometry Error
***    severity: Warning
***   issued by: geometry
*** description: tubs 'Target:0' intersects tubs 'Target:1'
**************************************************************************
**************************************************************************
*** G4Exception: Geometry Error
***    severity: Warning
***   issued by: geometry
*** description: tubs 'Target:0' intersects tubs 'Target:2'
**************************************************************************
**************************************************************************
*** G4Exception: Geometry Error
***    severity: Warning
***   issued by: geometry
*** description: tubs 'Target:1' intersects tubs 'Target:0'
**************************************************************************
**************************************************************************
*** G4Exception: Geometry Error
***    severity: Warning
***   issued by: geometry
*** description: tubs 'Target:1' intersects tubs 'Target:2'
**************************************************************************
**************************************************************************
*** G4Exception: Geometry Error
***    severity: Warning
***   issued by: geometry
*** description: tubs 'Target:1' intersects tubs 'Target:3'
**************************************************************************
**************************************************************************
*** G4Exception: Geometry Error
***    severity: Warning
***   issued by: geometry
*** description: tubs 'Target:2' intersects tubs 'Target:0'
**************************************************************************
**************************************************************************
*** G4Exception: Geometry Error
***    severity: Warning
***   issued by: geometry
*** description: tubs 'Target:2' intersects tubs 'Target:1'
**************************************************************************
**************************************************************************
*** G4Exception: Geometry Error
***    severity: Warning
***   issued by: geometry
*** description: tubs 'Target:2' intersects tubs 'Target:3'
**************************************************************************
**************************************************************************
*** G4Exception: Geometry Error
***    severity: Warning
***   issued by: geometry
*** description: tubs 'Target:2' intersects tubs 'Target:4'
**************************************************************************
**************************************************************************
*** G4Exception: Geometry Error
***    severity: Warning
***   issued by: geometry
*** description: tubs 'Target:3' intersects tubs 'Target:1'
***    printing: every 10-th occurrence
**************************************************************************
**************************************************************************
*** G4Exception: Geometry Error
***    severity: Warning
***   issued by: geometry
*** description: tubs 'Target:5' intersects tubs 'Target:6'
***    printing: every 10-th occurrence
**************************************************************************
**************************************************************************
*** G4Exception: Geometry Error
***    severity: Warning
***   issued by: geometry
*** description: tubs 'Target:8' intersects tubs 'Target:6'
***    printing: every 10-th occurrence
**************************************************************************
**************************************************************************
*** G4Exception: Geometry Error
***    severity: Warning
***   issued by: geometry
*** description: tubs 'Target:10' intersects tubs 'Target:11'
***    printing: every 10-th occurrence
**************************************************************************
**************************************************************************
*** G4Exception: Geometry Error
***    severity: Warning
***   issued by: geometry
*** description: tubs 'Target:13' intersects tubs 'Target:11'
***    printing: every 10-th occurrence
**************************************************************************
**************************************************************************
*** G4Exception: Geometry Error
***    severity: Warning
***   issued by: geometry
*** description: tubs 'Target:15' intersects tubs 'Target:16'
***    printing: every 10-th occurrence
**************************************************************************
**************************************************************************
*** G4Exception: Geometry Error
***    severity: Warning
***   issued by: geometry
*** description: tubs 'Target:18' intersects tubs 'Target:16'
***    printing: every 10-th occurrence
**************************************************************************
Total geometry errors = 78  0 seconds

================== Prepare Visualization ==================
Stochastic processes are enabled.
Available UI session types: [ Qt, tcsh, csh ]
Visualization Manager instantiating with verbosity "warnings (3)"...
Visualization Manager initialising...
Registering graphics systems...

You have successfully registered the following graphics systems.
Registered graphics systems are:
  ASCIITree (ATree)
  DAWNFILE (DAWNFILE)
  G4HepRepFile (HepRepFile)
  RayTracer (RayTracer)
  VRML2FILE (VRML2FILE)
  gMocrenFile (gMocrenFile)
  OpenGLImmediateQt (OGLIQt, OGLI)
  OpenGLStoredQt (OGLSQt, OGL, OGLS)
  Qt3D (Qt3D)

Registering model factories...

You have successfully registered the following model factories.
Registered model factories:
  generic
  drawByAttribute
  drawByCharge
  drawByOriginVolume
  drawByParticleID
  drawByEncounteredVolume

Registered models:
  None

Registered filter factories:
  attributeFilter
  chargeFilter
  originVolumeFilter
  particleFilter
  encounteredVolumeFilter

Registered filters:
  None

You have successfully registered the following user vis actions.
Run Duration User Vis Actions: none
End of Event User Vis Actions: none
End of Run User Vis Actions: none

Some /vis commands (optionally) take a string to specify colour.
"/vis/list" to see available colours.

Selected visualization viewer: Qt
BLVisManager init: /vis/open OGLSQt
BLVisManager init: /vis/viewer/set/auxiliaryEdge true
BLVisManager init: /vis/viewer/set/style surface
BLVisManager init: /vis/viewer/set/viewpointThetaPhi 0 0 deg
BLVisManager init: /vis/drawVolume
BLVisManager init: /tracking/storeTrajectory 1
BLVisManager init: /vis/scene/add/trajectories
/tracking/storeTrajectory 1
Attributes available for modeling and filtering with
  "/vis/modeling/trajectories/create/drawByAttribute" and
  "/vis/filtering/trajectories/create/attributeFilter" commands:
G4TrajectoriesModel:
  Event ID (EventID): G4int
  Run ID (RunID): G4int
G4Trajectory:
  Charge (Ch): unit: e+ (G4double)
  Track ID (ID): G4int
  Initial kinetic energy (IKE): G4BestUnit (G4double)
  Initial momentum magnitude (IMag): G4BestUnit (G4double)
  Initial momentum (IMom): G4BestUnit (G4ThreeVector)
  No. of points (NTP): G4int
  PDG Encoding (PDG): G4int
  Parent ID (PID): G4int
  Particle Name (PN): G4String
G4TrajectoryPoint:
  Position (Pos): G4BestUnit (G4ThreeVector)
WARNING: Trajectory storing has been requested.  This action may be
  reversed with "/tracking/storeTrajectory 0".
BLVisManager init: /vis/scene/endOfEventAction accumulate -1
WARNING: The vis manager will keep an unlimited number of events.
  This may use a lot of memory.
  It may be changed with, e.g., "/vis/scene/endOfEventAction accumulate 10".
BLVisManager init: /vis/viewer/set/hiddenMarker true

WARNING: No extent set for user vis action "DrawMarkers".
WARNING: User Vis Action "DrawMarkers" extent is null.
 Changing export format to "jpg"

Graphics systems deleted.
Visualization Manager deleting...

Exceptions: 0 Fatal, 0 Events Aborted, 0 Stuck Tracks (stopped), 99 Warnings
     20 times: GeomVol1002
     78 times: Geometry Error
      1 times: No physics registered
g4beamline: simulation complete
